{"total": {"lines":{"total":144,"covered":130,"skipped":0,"pct":90.27},"statements":{"total":151,"covered":136,"skipped":0,"pct":90.06},"functions":{"total":58,"covered":53,"skipped":0,"pct":91.37},"branches":{"total":35,"covered":31,"skipped":0,"pct":88.57},"branchesTrue":{"total":0,"covered":0,"skipped":0,"pct":100}}
,"/Users/albasyir/Projects/Albasyir Group/platform-manager/packages/platform-manager/src/platform-manager.ts": {"lines":{"total":6,"covered":4,"skipped":0,"pct":66.66},"functions":{"total":4,"covered":2,"skipped":0,"pct":50},"statements":{"total":6,"covered":4,"skipped":0,"pct":66.66},"branches":{"total":0,"covered":0,"skipped":0,"pct":100}}
,"/Users/albasyir/Projects/Albasyir Group/platform-manager/packages/platform-manager/src/platforms/http/__tests__/helpers/platform-test.helper.ts": {"lines":{"total":14,"covered":14,"skipped":0,"pct":100},"functions":{"total":7,"covered":7,"skipped":0,"pct":100},"statements":{"total":15,"covered":15,"skipped":0,"pct":100},"branches":{"total":1,"covered":1,"skipped":0,"pct":100}}
,"/Users/albasyir/Projects/Albasyir Group/platform-manager/packages/platform-manager/src/platforms/http/express/express.ts": {"lines":{"total":43,"covered":42,"skipped":0,"pct":97.67},"functions":{"total":22,"covered":22,"skipped":0,"pct":100},"statements":{"total":43,"covered":42,"skipped":0,"pct":97.67},"branches":{"total":11,"covered":9,"skipped":0,"pct":81.81}}
,"/Users/albasyir/Projects/Albasyir Group/platform-manager/packages/platform-manager/src/platforms/http/fastify/fastify.ts": {"lines":{"total":81,"covered":70,"skipped":0,"pct":86.41},"functions":{"total":25,"covered":22,"skipped":0,"pct":88},"statements":{"total":87,"covered":75,"skipped":0,"pct":86.2},"branches":{"total":23,"covered":21,"skipped":0,"pct":91.3}}
}
