{"total": {"lines":{"total":106,"covered":84,"skipped":0,"pct":79.24},"statements":{"total":106,"covered":84,"skipped":0,"pct":79.24},"functions":{"total":49,"covered":43,"skipped":0,"pct":87.75},"branches":{"total":22,"covered":13,"skipped":0,"pct":59.09},"branchesTrue":{"total":0,"covered":0,"skipped":0,"pct":100}}
,"/home/runner/work/hexagonal-platform-manager/hexagonal-platform-manager/src/index.ts": {"lines":{"total":4,"covered":0,"skipped":0,"pct":0},"functions":{"total":0,"covered":0,"skipped":0,"pct":100},"statements":{"total":4,"covered":0,"skipped":0,"pct":0},"branches":{"total":0,"covered":0,"skipped":0,"pct":100}}
,"/home/runner/work/hexagonal-platform-manager/hexagonal-platform-manager/src/platform-manager.ts": {"lines":{"total":6,"covered":4,"skipped":0,"pct":66.66},"functions":{"total":4,"covered":2,"skipped":0,"pct":50},"statements":{"total":6,"covered":4,"skipped":0,"pct":66.66},"branches":{"total":0,"covered":0,"skipped":0,"pct":100}}
,"/home/runner/work/hexagonal-platform-manager/hexagonal-platform-manager/src/adapters/express.ts": {"lines":{"total":55,"covered":45,"skipped":0,"pct":81.81},"functions":{"total":24,"covered":21,"skipped":0,"pct":87.5},"statements":{"total":55,"covered":45,"skipped":0,"pct":81.81},"branches":{"total":19,"covered":10,"skipped":0,"pct":52.63}}
,"/home/runner/work/hexagonal-platform-manager/hexagonal-platform-manager/src/adapters/fastify.ts": {"lines":{"total":36,"covered":35,"skipped":0,"pct":97.22},"functions":{"total":21,"covered":20,"skipped":0,"pct":95.23},"statements":{"total":36,"covered":35,"skipped":0,"pct":97.22},"branches":{"total":3,"covered":3,"skipped":0,"pct":100}}
,"/home/runner/work/hexagonal-platform-manager/hexagonal-platform-manager/src/types/index.ts": {"lines":{"total":5,"covered":0,"skipped":0,"pct":0},"functions":{"total":0,"covered":0,"skipped":0,"pct":100},"statements":{"total":5,"covered":0,"skipped":0,"pct":0},"branches":{"total":0,"covered":0,"skipped":0,"pct":100}}
}
