{"total": {"lines":{"total":98,"covered":82,"skipped":0,"pct":83.67},"statements":{"total":98,"covered":82,"skipped":0,"pct":83.67},"functions":{"total":45,"covered":43,"skipped":0,"pct":95.55},"branches":{"total":18,"covered":13,"skipped":0,"pct":72.22},"branchesTrue":{"total":0,"covered":0,"skipped":0,"pct":100}}
,"/home/runner/work/hexagonal-platform-manager/hexagonal-platform-manager/src/index.ts": {"lines":{"total":4,"covered":0,"skipped":0,"pct":0},"functions":{"total":0,"covered":0,"skipped":0,"pct":100},"statements":{"total":4,"covered":0,"skipped":0,"pct":0},"branches":{"total":0,"covered":0,"skipped":0,"pct":100}}
,"/home/runner/work/hexagonal-platform-manager/hexagonal-platform-manager/src/platform-manager.ts": {"lines":{"total":6,"covered":4,"skipped":0,"pct":66.66},"functions":{"total":4,"covered":2,"skipped":0,"pct":50},"statements":{"total":6,"covered":4,"skipped":0,"pct":66.66},"branches":{"total":0,"covered":0,"skipped":0,"pct":100}}
,"/home/runner/work/hexagonal-platform-manager/hexagonal-platform-manager/src/adapters/express.ts": {"lines":{"total":48,"covered":43,"skipped":0,"pct":89.58},"functions":{"total":21,"covered":21,"skipped":0,"pct":100},"statements":{"total":48,"covered":43,"skipped":0,"pct":89.58},"branches":{"total":15,"covered":10,"skipped":0,"pct":66.66}}
,"/home/runner/work/hexagonal-platform-manager/hexagonal-platform-manager/src/adapters/fastify.ts": {"lines":{"total":35,"covered":35,"skipped":0,"pct":100},"functions":{"total":20,"covered":20,"skipped":0,"pct":100},"statements":{"total":35,"covered":35,"skipped":0,"pct":100},"branches":{"total":3,"covered":3,"skipped":0,"pct":100}}
,"/home/runner/work/hexagonal-platform-manager/hexagonal-platform-manager/src/types/index.ts": {"lines":{"total":5,"covered":0,"skipped":0,"pct":0},"functions":{"total":0,"covered":0,"skipped":0,"pct":100},"statements":{"total":5,"covered":0,"skipped":0,"pct":0},"branches":{"total":0,"covered":0,"skipped":0,"pct":100}}
}
