TN:
SF:src/index.ts
FNF:0
FNH:0
DA:1,0
DA:2,0
DA:3,0
DA:4,0
LF:4
LH:0
BRF:0
BRH:0
end_of_record
TN:
SF:src/platform-manager.ts
FN:8,(anonymous_0)
FN:13,(anonymous_1)
FN:17,(anonymous_2)
FN:21,(anonymous_3)
FNF:4
FNH:2
FNDA:2,(anonymous_0)
FNDA:0,(anonymous_1)
FNDA:2,(anonymous_2)
FNDA:0,(anonymous_3)
DA:4,1
DA:9,2
DA:10,2
DA:14,0
DA:18,2
DA:22,0
LF:6
LH:4
BRF:0
BRH:0
end_of_record
TN:
SF:src/adapters/express.ts
FN:6,(anonymous_1)
FN:9,(anonymous_2)
FN:18,(anonymous_3)
FN:19,(anonymous_4)
FN:29,(anonymous_5)
FN:30,(anonymous_6)
FN:40,(anonymous_7)
FN:41,(anonymous_8)
FN:51,(anonymous_9)
FN:52,(anonymous_10)
FN:62,(anonymous_11)
FN:63,(anonymous_12)
FN:73,(anonymous_13)
FN:83,(anonymous_14)
FN:91,(anonymous_15)
FN:99,(anonymous_16)
FN:104,(anonymous_17)
FN:105,(anonymous_18)
FN:106,(anonymous_19)
FN:113,(anonymous_20)
FN:115,(anonymous_21)
FN:116,(anonymous_22)
FN:128,(anonymous_23)
FN:132,(anonymous_24)
FNF:24
FNH:21
FNDA:9,(anonymous_1)
FNDA:8,(anonymous_2)
FNDA:4,(anonymous_3)
FNDA:4,(anonymous_4)
FNDA:1,(anonymous_5)
FNDA:1,(anonymous_6)
FNDA:1,(anonymous_7)
FNDA:1,(anonymous_8)
FNDA:1,(anonymous_9)
FNDA:1,(anonymous_10)
FNDA:1,(anonymous_11)
FNDA:1,(anonymous_12)
FNDA:9,(anonymous_13)
FNDA:9,(anonymous_14)
FNDA:0,(anonymous_15)
FNDA:0,(anonymous_16)
FNDA:8,(anonymous_17)
FNDA:8,(anonymous_18)
FNDA:8,(anonymous_19)
FNDA:8,(anonymous_20)
FNDA:8,(anonymous_21)
FNDA:8,(anonymous_22)
FNDA:0,(anonymous_23)
FNDA:8,(anonymous_24)
DA:1,2
DA:6,2
DA:7,9
DA:10,8
DA:19,4
DA:20,4
DA:21,4
DA:22,1
DA:24,3
DA:30,1
DA:31,1
DA:32,1
DA:33,1
DA:35,0
DA:41,1
DA:42,1
DA:43,1
DA:44,1
DA:46,0
DA:52,1
DA:53,1
DA:54,1
DA:55,1
DA:57,0
DA:63,1
DA:64,1
DA:65,1
DA:66,1
DA:68,0
DA:74,9
DA:78,2
DA:84,9
DA:85,9
DA:86,9
DA:87,9
DA:88,9
DA:91,9
DA:92,0
DA:93,0
DA:95,0
DA:99,9
DA:100,0
DA:105,8
DA:106,8
DA:107,8
DA:108,8
DA:114,8
DA:115,8
DA:116,8
DA:117,8
DA:118,0
DA:120,8
DA:121,8
DA:129,0
DA:133,8
LF:55
LH:45
BRDA:21,0,0,1
BRDA:21,0,1,3
BRDA:32,1,0,1
BRDA:32,1,1,0
BRDA:43,2,0,1
BRDA:43,2,1,0
BRDA:54,3,0,1
BRDA:54,3,1,0
BRDA:65,4,0,1
BRDA:65,4,1,0
BRDA:84,5,0,9
BRDA:84,5,1,9
BRDA:92,6,0,0
BRDA:92,7,0,0
BRDA:92,7,1,0
BRDA:92,7,2,0
BRDA:114,8,0,8
BRDA:117,9,0,0
BRDA:117,9,1,8
BRF:19
BRH:10
end_of_record
TN:
SF:src/adapters/fastify.ts
FN:6,(anonymous_1)
FN:9,(anonymous_2)
FN:18,(anonymous_3)
FN:22,(anonymous_4)
FN:29,(anonymous_5)
FN:33,(anonymous_6)
FN:40,(anonymous_7)
FN:44,(anonymous_8)
FN:51,(anonymous_9)
FN:55,(anonymous_10)
FN:62,(anonymous_11)
FN:66,(anonymous_12)
FN:73,(anonymous_13)
FN:83,(anonymous_14)
FN:88,(anonymous_15)
FN:90,(anonymous_16)
FN:94,(anonymous_17)
FN:95,(anonymous_18)
FN:103,(anonymous_19)
FN:111,(anonymous_20)
FN:115,(anonymous_21)
FNF:21
FNH:20
FNDA:9,(anonymous_1)
FNDA:8,(anonymous_2)
FNDA:4,(anonymous_3)
FNDA:4,(anonymous_4)
FNDA:1,(anonymous_5)
FNDA:1,(anonymous_6)
FNDA:1,(anonymous_7)
FNDA:1,(anonymous_8)
FNDA:1,(anonymous_9)
FNDA:1,(anonymous_10)
FNDA:1,(anonymous_11)
FNDA:1,(anonymous_12)
FNDA:8,(anonymous_13)
FNDA:9,(anonymous_14)
FNDA:8,(anonymous_15)
FNDA:8,(anonymous_16)
FNDA:8,(anonymous_17)
FNDA:8,(anonymous_18)
FNDA:8,(anonymous_19)
FNDA:0,(anonymous_20)
FNDA:8,(anonymous_21)
DA:1,2
DA:6,2
DA:7,9
DA:10,8
DA:19,4
DA:23,4
DA:24,4
DA:30,1
DA:34,1
DA:35,1
DA:41,1
DA:45,1
DA:46,1
DA:52,1
DA:56,1
DA:57,1
DA:63,1
DA:67,1
DA:68,1
DA:74,8
DA:78,2
DA:84,9
DA:85,9
DA:90,8
DA:91,8
DA:94,8
DA:95,8
DA:96,8
DA:97,8
DA:98,8
DA:104,8
DA:105,8
DA:106,8
DA:107,8
DA:112,0
DA:116,8
LF:36
LH:35
BRDA:84,0,0,9
BRDA:84,0,1,9
BRDA:104,1,0,8
BRF:3
BRH:3
end_of_record
TN:
SF:src/types/index.ts
FNF:0
FNH:0
DA:1,0
DA:2,0
DA:3,0
DA:4,0
DA:5,0
LF:5
LH:0
BRF:0
BRH:0
end_of_record
