TN:
SF:src/platform-manager.ts
FN:8,(anonymous_0)
FN:13,(anonymous_1)
FN:17,(anonymous_2)
FN:21,(anonymous_3)
FNF:4
FNH:2
FNDA:2,(anonymous_0)
FNDA:0,(anonymous_1)
FNDA:2,(anonymous_2)
FNDA:0,(anonymous_3)
DA:4,1
DA:9,2
DA:10,2
DA:14,0
DA:18,2
DA:22,0
LF:6
LH:4
BRF:0
BRH:0
end_of_record
TN:
SF:src/platforms/http/__tests__/helpers/platform-test.helper.ts
FN:15,(anonymous_0)
FN:19,(anonymous_1)
FN:20,(anonymous_2)
FN:21,(anonymous_3)
FN:24,(anonymous_4)
FN:28,(anonymous_5)
FN:34,(anonymous_6)
FNF:7
FNH:7
FNDA:17,(anonymous_0)
FNDA:17,(anonymous_1)
FNDA:34,(anonymous_2)
FNDA:34,(anonymous_3)
FNDA:34,(anonymous_4)
FNDA:34,(anonymous_5)
FNDA:34,(anonymous_6)
DA:1,3
DA:2,3
DA:10,3
DA:15,3
DA:19,17
DA:20,17
DA:21,34
DA:24,34
DA:25,34
DA:28,34
DA:29,34
DA:30,34
DA:34,34
DA:35,34
LF:14
LH:14
BRDA:29,0,0,34
BRF:1
BRH:1
end_of_record
TN:
SF:src/platforms/http/express/express.ts
FN:6,(anonymous_1)
FN:9,(anonymous_2)
FN:18,(anonymous_3)
FN:28,(anonymous_4)
FN:29,(anonymous_5)
FN:35,(anonymous_6)
FN:36,(anonymous_7)
FN:42,(anonymous_8)
FN:43,(anonymous_9)
FN:49,(anonymous_10)
FN:50,(anonymous_11)
FN:56,(anonymous_12)
FN:57,(anonymous_13)
FN:63,(anonymous_14)
FN:73,(anonymous_15)
FN:81,(anonymous_16)
FN:82,(anonymous_17)
FN:83,(anonymous_18)
FN:90,(anonymous_19)
FN:92,(anonymous_20)
FN:93,(anonymous_21)
FN:105,(anonymous_22)
FNF:22
FNH:22
FNDA:22,(anonymous_1)
FNDA:38,(anonymous_2)
FNDA:38,(anonymous_3)
FNDA:20,(anonymous_4)
FNDA:27,(anonymous_5)
FNDA:2,(anonymous_6)
FNDA:3,(anonymous_7)
FNDA:2,(anonymous_8)
FNDA:3,(anonymous_9)
FNDA:1,(anonymous_10)
FNDA:1,(anonymous_11)
FNDA:2,(anonymous_12)
FNDA:4,(anonymous_13)
FNDA:22,(anonymous_14)
FNDA:22,(anonymous_15)
FNDA:21,(anonymous_16)
FNDA:21,(anonymous_17)
FNDA:21,(anonymous_18)
FNDA:21,(anonymous_19)
FNDA:21,(anonymous_20)
FNDA:21,(anonymous_21)
FNDA:21,(anonymous_22)
DA:1,5
DA:6,5
DA:7,22
DA:10,38
DA:19,38
DA:20,1
DA:21,37
DA:22,33
DA:24,4
DA:29,20
DA:30,27
DA:31,27
DA:36,2
DA:37,3
DA:38,3
DA:43,2
DA:44,3
DA:45,3
DA:50,1
DA:51,1
DA:52,1
DA:57,2
DA:58,4
DA:59,4
DA:64,22
DA:68,5
DA:74,22
DA:75,22
DA:76,22
DA:77,22
DA:78,22
DA:82,21
DA:83,21
DA:84,21
DA:85,21
DA:91,21
DA:92,21
DA:93,21
DA:94,21
DA:95,0
DA:97,21
DA:98,21
DA:106,21
LF:43
LH:42
BRDA:13,0,0,0
BRDA:13,0,1,38
BRDA:19,1,0,1
BRDA:19,1,1,37
BRDA:21,2,0,33
BRDA:21,2,1,4
BRDA:74,3,0,22
BRDA:74,3,1,22
BRDA:91,4,0,21
BRDA:94,5,0,0
BRDA:94,5,1,21
BRF:11
BRH:9
end_of_record
TN:
SF:src/platforms/http/fastify/fastify.ts
FN:6,(anonymous_1)
FN:9,(anonymous_2)
FN:19,(anonymous_3)
FN:31,(anonymous_4)
FN:54,(anonymous_5)
FN:57,(anonymous_6)
FN:61,(anonymous_7)
FN:75,(anonymous_8)
FN:79,(anonymous_9)
FN:83,(anonymous_10)
FN:87,(anonymous_11)
FN:91,(anonymous_12)
FN:95,(anonymous_13)
FN:105,(anonymous_14)
FN:112,(anonymous_15)
FN:133,(anonymous_16)
FN:135,(anonymous_17)
FN:136,(anonymous_18)
FN:149,(anonymous_19)
FN:160,(anonymous_20)
FN:162,(anonymous_21)
FN:166,(anonymous_22)
FN:167,(anonymous_23)
FN:175,(anonymous_24)
FN:183,(anonymous_25)
FNF:25
FNH:22
FNDA:22,(anonymous_1)
FNDA:38,(anonymous_2)
FNDA:27,(anonymous_3)
FNDA:10,(anonymous_4)
FNDA:27,(anonymous_5)
FNDA:35,(anonymous_6)
FNDA:38,(anonymous_7)
FNDA:20,(anonymous_8)
FNDA:2,(anonymous_9)
FNDA:2,(anonymous_10)
FNDA:1,(anonymous_11)
FNDA:2,(anonymous_12)
FNDA:21,(anonymous_13)
FNDA:22,(anonymous_14)
FNDA:44,(anonymous_15)
FNDA:0,(anonymous_16)
FNDA:0,(anonymous_17)
FNDA:0,(anonymous_18)
FNDA:3,(anonymous_19)
FNDA:21,(anonymous_20)
FNDA:35,(anonymous_21)
FNDA:21,(anonymous_22)
FNDA:21,(anonymous_23)
FNDA:21,(anonymous_24)
FNDA:21,(anonymous_25)
DA:1,5
DA:6,5
DA:7,22
DA:10,38
DA:20,27
DA:21,27
DA:23,27
DA:24,83
DA:25,4
DA:28,27
DA:31,10
DA:32,2
DA:34,2
DA:35,2
DA:36,10
DA:37,10
DA:38,26
DA:40,13
DA:44,10
DA:46,10
DA:47,10
DA:48,10
DA:51,2
DA:56,27
DA:57,27
DA:58,35
DA:62,38
DA:63,38
DA:64,1
DA:65,37
DA:66,33
DA:68,4
DA:76,20
DA:80,2
DA:84,2
DA:88,1
DA:92,2
DA:96,21
DA:100,5
DA:106,22
DA:112,22
DA:113,44
DA:114,44
DA:115,44
DA:117,44
DA:118,18
DA:119,18
DA:120,4
DA:121,4
DA:125,14
DA:129,44
DA:130,44
DA:133,22
DA:134,0
DA:135,0
DA:136,0
DA:137,0
DA:138,0
DA:139,0
DA:140,0
DA:141,0
DA:143,0
DA:145,0
DA:149,22
DA:150,3
DA:151,3
DA:152,3
DA:154,0
DA:157,22
DA:162,21
DA:163,35
DA:166,21
DA:167,21
DA:168,21
DA:169,21
DA:170,21
DA:176,21
DA:177,21
DA:178,21
DA:179,21
DA:184,21
LF:81
LH:70
BRDA:13,0,0,35
BRDA:13,0,1,3
BRDA:24,1,0,4
BRDA:28,2,0,25
BRDA:38,3,0,13
BRDA:46,4,0,10
BRDA:46,4,1,0
BRDA:46,5,0,0
BRDA:46,5,1,10
BRDA:47,6,0,10
BRDA:47,7,0,10
BRDA:47,7,1,10
BRDA:63,8,0,1
BRDA:63,8,1,37
BRDA:65,9,0,33
BRDA:65,9,1,4
BRDA:106,10,0,22
BRDA:106,10,1,22
BRDA:119,11,0,4
BRDA:119,11,1,14
BRDA:121,12,0,2
BRDA:121,12,1,2
BRDA:176,13,0,21
BRF:23
BRH:21
end_of_record
